tuikit/build/intermediates/manifest_merge_blame_file/debug/manifest-merger-blame-debug-report.txt
1<?xml version="1.0" encoding="utf-8"?>
2<manifest xmlns:android="http://schemas.android.com/apk/res/android"
3    package="com.tencent.qcloud.tim.uikit" >
4
5    <uses-sdk
6        android:minSdkVersion="21"
6-->src\main\AndroidManifest.xml
7        android:targetSdkVersion="27" />
7-->src\main\AndroidManifest.xml
8
9    <uses-permission android:name="android.permission.ACCESS_NETWORK_STATE" />
9-->src\main\AndroidManifest.xml:4:5-79
9-->src\main\AndroidManifest.xml:4:22-76
10    <uses-permission android:name="android.permission.ACCESS_WIFI_STATE" />
10-->src\main\AndroidManifest.xml:5:5-76
10-->src\main\AndroidManifest.xml:5:22-73
11    <uses-permission android:name="android.permission.READ_PHONE_STATE" />
11-->src\main\AndroidManifest.xml:6:5-75
11-->src\main\AndroidManifest.xml:6:22-72
12    <uses-permission android:name="android.permission.WRITE_EXTERNAL_STORAGE" />
12-->src\main\AndroidManifest.xml:7:5-81
12-->src\main\AndroidManifest.xml:7:22-78
13    <uses-permission android:name="android.permission.READ_EXTERNAL_STORAGE" />
13-->src\main\AndroidManifest.xml:8:5-80
13-->src\main\AndroidManifest.xml:8:22-77
14
15    <application>
15-->src\main\AndroidManifest.xml:10:5-44:19
16        <activity
16-->src\main\AndroidManifest.xml:11:9-13:52
17            android:name="com.tencent.qcloud.tim.uikit.component.video.CameraActivity"
17-->src\main\AndroidManifest.xml:12:13-59
18            android:screenOrientation="portrait" />
18-->src\main\AndroidManifest.xml:13:13-49
19        <activity
19-->src\main\AndroidManifest.xml:14:9-16:77
20            android:name="com.tencent.qcloud.tim.uikit.component.video.VideoViewActivity"
20-->src\main\AndroidManifest.xml:15:13-62
21            android:configChanges="keyboardHidden|orientation|screenSize" />
21-->src\main\AndroidManifest.xml:16:13-74
22        <activity
22-->src\main\AndroidManifest.xml:17:9-19:52
23            android:name="com.tencent.qcloud.tim.uikit.component.photoview.PhotoViewActivity"
23-->src\main\AndroidManifest.xml:18:13-66
24            android:screenOrientation="portrait" />
24-->src\main\AndroidManifest.xml:19:13-49
25        <activity
25-->src\main\AndroidManifest.xml:20:9-22:52
26            android:name="com.tencent.qcloud.tim.uikit.modules.group.info.GroupInfoActivity"
26-->src\main\AndroidManifest.xml:21:13-65
27            android:screenOrientation="portrait" />
27-->src\main\AndroidManifest.xml:22:13-49
28        <activity
28-->src\main\AndroidManifest.xml:23:9-25:52
29            android:name="com.tencent.qcloud.tim.uikit.component.SelectionActivity"
29-->src\main\AndroidManifest.xml:24:13-56
30            android:screenOrientation="portrait" />
30-->src\main\AndroidManifest.xml:25:13-49
31        <activity
31-->src\main\AndroidManifest.xml:26:9-29:73
32            android:name="com.tencent.qcloud.tim.uikit.modules.group.apply.GroupApplyManagerActivity"
32-->src\main\AndroidManifest.xml:27:13-74
33            android:screenOrientation="portrait"
33-->src\main\AndroidManifest.xml:28:13-49
34            android:windowSoftInputMode="stateAlwaysHidden|adjustPan" />
34-->src\main\AndroidManifest.xml:29:13-70
35        <activity
35-->src\main\AndroidManifest.xml:30:9-33:73
36            android:name="com.tencent.qcloud.tim.uikit.modules.group.apply.GroupApplyMemberActivity"
36-->src\main\AndroidManifest.xml:31:13-73
37            android:screenOrientation="portrait"
37-->src\main\AndroidManifest.xml:32:13-49
38            android:windowSoftInputMode="stateAlwaysHidden|adjustPan" />
38-->src\main\AndroidManifest.xml:33:13-70
39
40        <provider
40-->src\main\AndroidManifest.xml:35:9-43:20
41            android:name="com.tencent.qcloud.tim.uikit.utils.TUIKitFileProvider"
41-->src\main\AndroidManifest.xml:36:13-53
42            android:authorities="dollar_openBracket_applicationId_closeBracket.uikit.fileprovider"
42-->src\main\AndroidManifest.xml:37:13-70
43            android:exported="false"
43-->src\main\AndroidManifest.xml:38:13-37
44            android:grantUriPermissions="true" >
44-->src\main\AndroidManifest.xml:39:13-47
45            <meta-data
45-->src\main\AndroidManifest.xml:40:13-42:60
46                android:name="android.support.FILE_PROVIDER_PATHS"
46-->src\main\AndroidManifest.xml:41:17-67
47                android:resource="@xml/file_paths_public" />
47-->src\main\AndroidManifest.xml:42:17-58
48        </provider>
49    </application>
50
51</manifest>